[RUN #0 10 10]
-517 -112 296 784 -524 223 194 838 55 114
171 -6 951 -354 724 650 970 497 224 186
-637 -213 615 801 -938 -969 -987 -658 468 -604
-438 -407 506 938 -23 -717 -58 665 370 193
858 273 -531 -292 -713 -405 -181 -782 215 -84
538 456 -417 756 -610 35 -782 682 -725 463
980 851 -537 363 985 541 -906 256 465 -403
-151 -808 877 -672 -643 -83 -429 848 808 973
-454 242 288 652 -361 -267 86 -602 304 -200
519 -724 -111 700 -758 -417 -834 -194 -833 -286
[RUN #1 5 10]
-936 -888 -229 402 -321
-729 374 -102 -724 655
-383 146 -305 682 489
-239 -323 847 684 270
618 -832 902 88 484
618 17 514 110 -197
832 -346 -355 674 -682
-784 338 124 -30 108
151 -373 643 752 -852
575 858 152 870 359
[RUN #2 5 10]
175 982 -384 520 10
-716 -621 -52 129 798
989 358 -689 474 -171
610 195 -279 238 -586
64 356 47 754 846
-931 -938 -432 645 815
264 -787 261 421 -464
126 -126 -823 -598 -364
934 -102 -148 466 -372
634 238 294 295 -682
[RUN #3 3 10]
304 -497 192
-182 122 513
128 -386 -615
-354 320 771
761 -167 361
-610 -78 -754
-506 -379 144
-435 228 192
-201 815 730
-950 -193 888
[RUN #4 4 10]
584 -905 -494 175
-545 -684 -159 -881
299 -643 263 -511
865 136 -950 -902
-983 -638 -452 -975
670 338 -199 -305
645 450 893 461
539 -906 -531 90
274 859 -205 568
-3 699 345 -482
[RUN #5 5 10]
-517 436 733 400 -250
-386 709 -8 -878 159
568 591 -590 -725 -746
899 -527 342 -507 827
626 -144 -608 806 987
-956 577 683 884 -97
-779 813 -119 103 817
672 45 626 -138 977
-995 -389 81 -503 285
557 692 919 512 409
[RUN #6 5 10]
-516 -26 -316 952 7
-656 287 710 829 -446
577 -28 -732 -333 -847
-153 -516 803 956 -969
402 122 935 99 -405
-177 -1000 411 855 -986
-41 -683 270 -840 -720
-773 766 -181 748 907
5 -540 571 917 338
-341 385 60 -924 443
[RUN #7 5 10]
-639 855 384 414 -664
-206 878 -579 507 776
-706 -338 -861 478 172
-747 -56 794 284 514
900 56 -294 675 -537
-99 24 720 160 170
-981 481 510 -371 -140
-634 -710 479 182 -335
-500 -938 138 -173 -395
330 -523 -36 -361 89
[RUN #8 5 10]
-252 -9 657 -840 -430
813 390 242 -631 -763
842 -812 -985 -48 545
56 403 996 939 13
337 -81 -394 750 -205
-932 226 843 700 -990
-685 -491 225 529 992
-233 -366 757 511 -407
-753 653 -952 984 -519
-900 317 153 -462 -962
[RUN #9 50 10]
383 665 127 -877 921 -876 -91 612 -601 -940 -953 -507 362 -749 571 -255 911 -990 -646 392 131 -554 881 631 -284 229 -450 -480 301 -671 -850 -235 744 156 119 -991 -824 -516 -43 -40 -398 74 946 295 -598 996 970 -22 713 -772
-492 987 -714 -350 -290 -814 77 -486 -253 285 717 -401 141 -465 105 -400 -300 12 828 32 -517 193 134 62 -723 -358 -331 -470 496 -838 -928 -863 -528 -251 878 -313 -935 494 -235 241 -245 -402 -275 604 -451 725 180 414 -833 -972
848 428 404 -432 -591 478 -102 -481 736 119 37 -74 -825 544 -756 200 -489 161 -940 -174 783 -844 10 -867 -537 -626 678 -980 -328 459 -589 -630 271 198 336 707 575 571 -171 -525 -274 -90 330 -857 -763 774 917 -298 217 -605
-419 -947 717 -494 -735 -566 -267 635 32 44 461 891 148 -249 -176 634 332 508 -370 810 486 -595 -535 670 503 -990 -406 -13 -913 -363 885 976 -368 -858 -130 -708 310 696 -486 -310 20 419 -516 775 -802 530 736 -162 -791 632
401 -147 876 25 -373 550 423 676 414 899 -775 412 655 280 38 524 121 -956 97 315 -617 -736 -92 -974 737 -594 497 120 195 -943 -416 285 190 662 -583 377 354 75 -20 -411 -356 235 -937 437 977 -70 -13 493 407 -1000
816 -112 969 -629 -710 871 -679 -712 -711 -589 759 575 582 213 -274 931 -285 548 -697 -424 -467 -866 -123 295 748 -867 -865 462 -718 619 628 136 -682 267 461 -842 -627 709 -924 -158 -176 -515 -701 800 57 -717 21 163 881 -458
225 -579 -677 239 217 -481 176 -100 -977 808 -261 -88 169 -68 192 -948 496 -338 585 -529 -470 -543 -499 -194 395 680 -1 -19 104 812 932 25 -484 427 -645 -627 -597 942 197 -578 -302 -263 635 396 306 830 -303 551 742 399
426 -901 -260 -86 -407 561 -623 -2 402 784 -32 922 -146 -61 -58 780 27 230 -620 -60 -250 99 -926 -433 681 -8 -226 -362 347 468 664 -974 -338 -310 760 -126 102 -749 -299 553 -768 -140 282 -656 -903 738 -403 640 937 -927
513 20 -973 -680 889 -590 -168 -944 14 -477 133 -386 -469 277 -214 -741 -572 881 -903 755 -568 642 -609 58 294 -95 29 -693 53 336 -941 87 -78 190 -71 126 -922 312 -876 518 -363 809 -831 208 -94 -326 -874 -635 -634 367
-147 -636 -960 -588 -86 -817 -215 -592 897 -567 -297 -394 -695 -42 -4 672 49 68 -675 243 874 -726 -176 385 484 496 77 523 703 36 228 868 816 -152 -295 295 -714 507 -55 690 485 400 805 113 726 -651 -336 -240 -120 239
[RUN #10 500 10]
570 -610 298 -875 -710 344 -846 370 -810 725 -406 -883 818 -234 306 -915 486 -282 158 -21 -998 598 841 -529 975 219 141 -916 -635 126 -746 492 -904 328 789 366 -147 455 322 -158 -237 -1 387 193 683 503 -298 -189 -995 -81 -258 -961 -251 -198 -47 561 -827 -69 -756 -270 -168 932 -455 531 -914 -619 978 4 950 -658 251 -193 -22 -275 -549 838 490 198 232 -885 695 797 436 224 -869 -959 647 -589 -72 -742 -651 -263 589 45 -941 66 320 -654 -726 -231 -522 -114 88 411 205 682 -373 -202 952 90 -962 -808 495 523 -36 722 189 719 -988 664 608 -782 -264 888 452 -110 610 -245 271 -248 -489 881 801 611 615 -222 75 -860 -322 539 867 -819 -785 613 591 397 -70 515 884 -315 139 311 -576 -37 -825 392 -28 87 -367 707 -57 340 100 389 614 982 -798 821 129 99 631 -341 -103 712 740 -40 934 -935 -328 373 378 -127 -643 -142 -405 -43 972 -909 728 -135 -338 -724 155 -420 -734 -309 -262 783 643 412 971 592 106 -642 -523 696 623 -881 -872 967 -715 907 -874 143 -218 -652 668 504 174 -623 651 209 -59 509 708 277 -837 979 -95 732 -299 131 636 207 111 -814 -686 692 132 549 -80 -88 -396 249 255 -112 449 -928 -51 -284 -978 -667 -132 -514 659 -659 276 404 -458 -509 -546 -20 -223 -27 92 -398 941 -336 986 944 165 -991 969 -586 -563 -794 124 269 997 -410 607 -175 -254 -346 184 229 -266 634 -744 -52 -307 -333 122 -288 -575 -283 -102 923 498 -660 233 -449 864 10 849 -350 145 84 -361 -584 -650 855 -187 -569 -293 568 -84 390 450 -873 217 -768 -63 -908 431 -621 936 416 -121 617 812 89 -937 -675 -672 913 -544 446 698 -925 -499 -301 -823 220 665 689 -163 -737 -7 -797 -303 -981 579 914 -67 628 475 -704 230 -953 670 816 -730 638 -524 160 367 530 573 -706 116 102 -758 284 -740 -182 -503 268 225 -636 -754 624 -360 742 375 685 -948 -240 -484 -454 517 552 -990 -354 435 703 653 -238 -701 -431 -630 -655 60 -483 911 -446 156 -851 137 920 -605 216 -208 275 -113 -421 285 343 -464 560 353 759 -897 -136 483 -662 -368 -736 550 -552 -984 -912 745 -407 882 -149 -465 -934 -815 -545 103 757 238 -379 -741 976 -731 -831 315 625 -865 630 637 809 383 31 -732 -528 -861 -614 857 382 518 -93 448 -792 175 302 -856 -977 82 -246 546 -12 -61 -812 469 937 -318 201 -188 -783 240 161 655 935 777 -247 93 -850 -256 -834 -105 -849 587 632 656 142 341 -448
-512 -230 998 -722 -279 -541 -671 -250 935 -86 550 -675 -455 -77 -538 765 -387 -422 872 274 84 300 -183 -477 522 -263 -779 -389 966 -741 -933 -171 624 -628 -958 39 -99 57 104 -992 91 -592 -641 -673 -883 -700 419 -550 -98 -460 -379 -844 -400 -217 -281 -686 54 -369 -982 -141 241 185 517 -484 373 -303 430 319 -312 376 -821 997 -994 287 -260 -475 -119 705 -84 -150 855 -350 -621 25 198 724 573 -405 927 -944 677 -113 303 346 197 542 -683 -932 -856 -718 890 -561 -467 -981 -966 653 602 -534 856 868 -978 -804 -402 -136 -767 -879 -206 -51 939 408 952 181 -337 280 -913 444 926 852 -403 609 -706 -310 -417 386 -331 262 -450 -90 -918 276 212 -995 -525 660 -111 658 -55 218 802 520 -714 629 446 610 283 291 267 -824 807 -106 978 -788 -245 567 -578 -294 239 -224 -456 -177 723 -244 -653 19 109 -291 898 -415 -290 261 -418 594 216 -766 -960 395 -433 204 543 326 -996 -606 662 171 604 297 734 146 -723 -601 -180 780 968 -749 948 -610 75 849 -956 -616 774 -160 364 -586 832 -340 -316 -593 -305 -259 690 719 411 746 -936 923 -473 -772 580 721 -569 -476 956 -445 909 566 471 -442 -297 -906 15 -818 211 941 -581 -843 640 -937 -530 586 -624 -724 -947 -646 922 574 115 -325 162 48 -731 506 -66 972 876 80 -126 812 -210 379 571 289 847 -986 821 424 -16 740 -17 643 -721 -60 251 176 851 -53 748 490 -990 356 401 -92 155 -808 156 -867 913 600 272 -461 -390 -938 -717 -152 -969 -345 934 -413 515 -814 149 220 875 327 -357 975 739 548 -498 -81 311 -793 -972 150 743 -280 -705 -499 345 -192 -769 -50 -868 841 -292 -122 -633 718 -790 704 -652 -605 969 -656 -939 877 -854 -776 583 -348 564 -801 -222 616 -582 435 590 -771 794 138 584 -712 -43 -852 -309 649 348 -29 310 -575 123 151 95 565 865 202 -907 -239 518 -963 -277 814 963 880 -551 737 -408 -148 914 -330 -103 -87 764 864 -547 -563 -781 903 -602 122 340 -443 -490 -64 706 -697 755 304 -588 720 456 608 -114 482 -457 270 44 670 871 -568 248 255 853 -396 -614 867 445 -911 441 744 114 940 161 818 332 -834 654 128 420 652 375 265 369 466 -826 233 -356 -866 -802 -507 839 529 716 -329 -386 494 492 777 347 -591 -640 -146 50 384 701 240 105 -482 816 -556 501 20 785 385 -997 -75 -603 -971 846 -677 -980 -775 168 -458 -59 516 531 648 844 -58 -595 667 -559 195 465 -406 -5 730 -287 368
-207 -779 -628 -616 -953 -236 -792 -834 -817 -58 65 257 -939 -744 882 450 -857 178 -741 -7 559 -514 863 -794 -608 723 331 690 -586 43 870 495 566 954 -630 -190 -805 -948 454 706 -30 609 327 481 -336 -296 -851 -576 -731 -81 493 905 -53 743 160 223 648 -557 -440 714 -284 57 -668 818 -936 -413 -937 -600 -925 99 266 -537 -699 638 940 40 -950 214 759 819 362 193 -294 -598 -629 696 422 -346 -884 219 74 -453 852 112 -581 -208 140 821 -736 -382 194 -749 -428 994 785 -468 -320 -682 175 903 93 -595 -256 290 -466 283 59 955 626 -154 497 695 -644 663 698 -602 -726 174 183 633 757 710 -422 573 12 -174 -182 -162 -787 22 -752 84 604 -930 81 550 -171 -818 320 -732 -680 949 -457 967 -244 -636 -310 -252 365 -286 20 846 324 141 332 -392 -20 361 208 75 -850 828 66 -505 431 -848 -56 -915 -390 87 288 974 -352 382 -149 39 -324 -209 -582 -285 -176 421 502 864 466 599 78 246 583 274 634 617 -233 -98 -26 -707 -790 313 650 862 378 -437 -122 -221 -269 159 -701 651 602 380 -164 -379 -667 871 -316 579 -240 -51 -797 -564 -802 23 773 891 -690 -908 -104 -643 985 -495 -973 -541 936 -578 667 -781 535 249 414 92 -361 830 917 969 28 519 185 -438 26 647 -482 -39 -172 -308 -373 -82 247 -815 -262 765 689 -965 -267 768 279 -639 -131 510 -932 -156 311 458 -996 640 -977 69 747 -257 -610 781 505 123 -590 88 -508 285 -903 -276 -934 -211 -70 222 -50 386 641 -472 -289 909 122 -885 -784 240 -858 802 51 107 45 449 -926 -880 -163 228 191 549 517 684 784 600 810 -659 -547 -931 373 236 -71 -380 -247 711 190 -954 -433 884 46 -772 176 -112 -372 -364 439 -481 391 -720 958 -709 492 -140 348 840 729 416 115 671 -93 557 187 563 339 248 -764 -90 739 203 -692 674 -74 787 960 -890 713 -357 -375 73 643 -489 597 409 -544 404 -641 -589 702 817 513 -153 943 610 637 412 -556 297 329 -475 319 -463 999 -862 -672 -446 -972 307 655 -603 131 963 605 -675 -856 777 -798 182 -60 -814 844 -801 -345 646 -467 752 -377 -322 443 325 733 -175 355 201 -487 -177 -560 746 -230 35 -477 -704 -191 -183 -657 -239 801 881 983 441 -426 948 485 -117 -24 755 896 -28 776 430 -396 889 419 463 254 -785 -483 -684 -992 197 837 -497 -620 -523 -892 -567 -533 -77 -998 259 -540 687 0 700 -697 -841 -809 -398 468 -205 -914 342 -414 150 -902 932 -748 442
-231 515 740 -367 -416 -664 736 -233 779 -927 -479 27 270 323 -829 -301 337 333 -187 705 -742 488 120 682 -712 694 -864 917 -789 -576 -152 404 -4 234 269 454 755 241 889 -218 -413 907 -735 -266 69 816 236 -319 -589 -696 638 432 649 197 29 -237 -181 767 560 -872 -889 331 60 142 936 166 6 -959 995 865 -545 875 568 -877 -359 -414 734 -795 -859 -499 656 -177 322 -636 445 359 807 -949 691 -283 460 451 167 73 -655 -727 -100 -202 -998 446 -588 186 52 7 377 644 -271 464 -113 295 -373 -806 -883 -598 481 384 -384 -594 169 -387 340 567 -444 -992 898 -6 329 709 772 -970 -663 -834 177 789 -973 -533 22 -763 -862 -377 97 0 -681 903 -555 -814 -306 559 -466 -905 -380 -67 -976 620 324 -978 -554 964 -423 51 -600 857 119 -104 737 536 44 -489 170 -960 -194 -781 -385 235 -747 930 127 -991 89 -209 980 783 -855 497 105 -837 -861 -46 833 143 -733 610 800 -9 -156 775 -813 38 -746 332 42 -238 -497 -81 -20 591 -964 864 2 -656 -155 414 -845 920 -713 520 242 503 654 -83 545 -411 -482 -753 381 364 -584 802 -833 -355 294 98 316 885 728 343 -519 -928 -517 762 634 637 518 -526 255 380 -107 -314 46 949 611 553 856 804 -875 -175 972 -986 -560 576 674 -280 -758 -193 410 -465 87 732 -24 787 -53 517 647 -88 144 -128 714 4 519 -62 -26 -70 -390 34 54 522 395 -190 504 -528 -767 -537 346 -660 -498 -292 991 471 -993 892 319 474 -183 485 199 -471 -936 363 168 -295 808 -299 951 -25 -627 819 -853 763 859 360 -779 -524 318 373 -578 632 -171 240 887 552 -602 53 988 -867 146 245 -130 -635 -263 508 -405 717 -419 107 -715 961 13 -808 103 -59 761 68 183 -210 -505 -621 998 942 848 450 546 678 452 -818 -166 -689 264 -329 -185 527 179 -719 982 -232 784 -797 439 350 -799 494 -732 55 -935 -293 459 -54 -932 -191 908 646 -523 -363 457 157 -120 371 82 895 -509 -112 -668 219 131 615 837 -876 -476 -707 -931 141 282 -278 -102 -946 -31 978 9 821 1 627 -947 628 -436 538 239 -362 -869 -790 149 180 -341 -467 -678 416 108 664 -399 456 -901 -997 134 162 182 -776 577 -126 -481 138 -754 -262 -220 927 -568 -587 -80 609 -840 171 77 521 -654 -61 931 744 792 -605 427 -427 -468 -103 -84 129 -950 210 -217 49 565 -632 -917 -258 648 661 -604 -710 391 502 -242 249 873 -370 890 967 -787 78 688 897 -346 153 277 145
195 300 -940 -747 -781 -48 380 -820 198 -507 701 966 815 267 84 -67 -769 236 -214 688 8 310 -75 -450 -74 987 -704 587 319 638 448 -435 -555 976 286 46 793 -965 -845 489 410 891 -197 -977 -229 422 981 532 808 941 764 -945 602 823 -815 -950 -506 -621 415 -925 11 686 -758 962 -717 95 780 -943 -544 621 -171 221 978 992 483 -659 124 912 557 299 -902 -286 321 -805 562 -429 944 822 760 617 -898 497 750 851 -127 -7 502 247 7 208 467 -4 -761 25 -146 663 -690 -679 619 -154 -204 428 214 -116 -473 65 -54 784 955 166 406 -999 269 789 402 -44 -203 -281 726 74 752 107 239 718 -598 986 -860 -660 848 -455 -597 -468 538 745 -149 -63 22 -356 672 89 598 -417 -440 -853 -295 424 -431 -742 622 -770 339 -778 -608 261 707 72 -145 -377 466 -45 -797 -954 980 905 838 126 -303 -667 989 785 264 -454 -942 -231 -694 61 -23 101 -61 -624 -662 545 994 -615 199 964 99 -167 307 -665 187 632 -277 627 -986 807 105 -509 456 -922 -699 -728 -543 431 -368 388 -944 -254 212 444 547 867 419 -16 875 62 -374 948 476 -15 14 913 689 998 -213 -222 -852 168 324 991 68 -8 -52 463 -194 138 705 -359 139 821 874 -705 -327 696 -976 -618 -242 -957 420 -636 -606 -225 600 -998 554 820 278 -701 -94 48 306 -882 -531 575 -453 295 753 -29 399 398 -974 737 -947 -879 520 -202 -725 255 482 163 -881 988 97 28 -938 539 759 -687 612 590 -594 468 -782 -367 400 -211 -438 -818 658 -410 -474 171 -50 683 -71 446 667 -73 -329 -22 -749 19 30 218 -996 513 -14 893 -364 972 -390 -424 188 -205 578 -610 -981 -928 -563 -549 393 904 29 158 -307 176 206 844 -567 329 -17 939 112 924 369 677 -799 -326 565 734 -729 527 296 -135 626 140 -186 -936 335 -664 189 238 88 -639 -388 771 -892 -773 -314 -219 31 71 -173 -510 -264 698 918 -59 819 -256 -854 -240 26 -353 596 -933 849 83 -835 868 -467 409 -9 172 -470 947 -827 576 -299 -913 -475 -310 59 810 -212 -503 -675 742 -771 954 459 -736 -920 -111 -741 -355 -850 -398 -378 -894 710 12 747 -238 -193 -973 -519 -851 -252 -392 210 155 216 17 69 -997 -874 441 305 894 249 -81 164 -695 -573 549 374 298 540 -637 776 -65 -55 -72 -972 656 -870 -184 -13 974 2 637 -840 777 121 -946 337 770 345 644 -87 -825 122 -284 704 553 3 -823 -643 -297 259 -683 -580 -243 -106 -916 191 -826 651 -719
795 -898 604 -341 -869 342 644 -208 65 886 315 -143 170 586 480 238 211 -334 -607 -18 610 487 121 518 328 -832 -777 901 -100 552 337 327 120 918 469 155 291 530 -473 -493 55 128 12 -572 -660 -81 -840 648 -885 -427 321 759 -968 -447 429 -693 417 23 123 452 458 493 -565 424 588 585 401 -586 -107 -331 -86 -94 -487 -303 691 704 568 178 744 110 -400 -573 440 474 -32 -61 455 -960 716 -495 539 -713 235 525 -335 333 433 884 220 -457 786 954 462 -125 -1000 -873 -991 -629 509 -295 354 -257 -415 79 35 163 -475 -775 76 -755 -350 -124 -924 501 790 -378 -700 -548 -162 -578 -432 253 -252 -781 -814 -680 837 803 5 -877 -612 -460 647 -195 789 -196 -945 -721 712 451 425 -256 -844 -101 833 640 544 330 -343 -515 -650 -939 -456 -522 772 -136 -98 -888 216 -394 971 157 981 -224 761 -826 349 202 -357 784 -293 427 -265 816 149 908 -115 -861 16 751 -77 -403 -271 -219 679 -87 607 818 871 -722 -706 360 787 248 192 447 852 372 111 -170 694 319 162 -516 384 949 -119 -796 637 -567 -631 167 -359 263 -550 -695 548 842 131 527 -649 -855 726 -783 -387 166 846 535 282 -681 710 -374 -812 435 -947 909 -67 621 -699 -321 -221 666 -185 997 512 -352 -887 -820 -7 -857 302 -181 678 115 107 -708 553 -274 -906 546 -949 -743 574 903 -250 -657 461 728 -486 -479 -752 -316 385 -852 -446 -375 -500 179 -854 402 191 -253 -530 58 -130 -973 -674 236 -139 -140 939 57 207 357 897 251 755 643 549 601 967 520 -158 941 392 -238 -230 579 -255 -929 8 -563 -76 -216 557 545 940 -608 661 409 -870 206 48 -687 892 -875 612 -305 824 -529 478 374 -504 -488 386 685 -237 -57 90 184 773 -84 194 43 987 -934 -768 801 802 724 -399 -665 273 244 -668 -229 836 778 -49 590 -314 -193 132 322 -831 -729 -112 -867 -598 243 -819 914 547 713 66 491 -445 499 -197 221 277 697 -379 931 378 882 -74 -472 -912 880 -849 -155 -669 -270 634 -834 398 426 -261 3 523 -28 502 -808 -11 -251 359 659 650 408 896 -889 459 -995 265 -434 -41 -63 -847 14 998 275 332 -683 639 -176 -860 -365 516 -936 -620 87 355 453 -692 624 519 -726 34 146 -31 913 569 -372 419 832 -962 -594 -157 -848 -66 -894 966 94 62 -600 -483 -696 692 -540 573 -788 -603 804 204 700 494 559 537 -739 -264 -481 682 986 457 317 -471 989 -105 996 -886 707 -980 64 -943 -655 -430 154 189 481
596 -982 -551 -314 -277 -807 -418 -792 489 174 -992 -921 -859 -642 302 -939 -706 -136 -462 40 -357 347 744 12 482 430 219 -598 574 506 -489 -215 798 755 463 592 -72 -870 -35 -920 978 633 -707 -79 831 -996 84 -139 -71 849 356 729 -979 533 221 901 -840 -794 597 -272 21 904 -524 -495 -92 332 360 320 110 -994 686 87 -420 -951 -446 395 -486 379 662 -722 -458 -124 -673 864 190 999 328 -669 291 -746 -863 318 -647 -533 -809 636 -574 313 925 545 799 388 470 -280 58 -893 -545 -293 66 -780 25 5 389 -904 -437 811 -414 244 177 938 584 216 642 989 203 -423 234 514 -271 -498 -548 386 956 -225 -571 -250 557 -175 47 664 385 258 298 295 -622 74 126 -835 -885 -966 -968 384 787 -720 -291 -353 143 649 148 -675 -417 879 -953 -612 125 -568 484 -132 9 -648 -583 -956 -100 41 -724 717 -48 142 743 -58 748 -38 927 -864 889 14 -493 -481 310 972 -401 -937 -474 616 438 -468 760 250 -485 -104 -969 960 621 550 674 -625 979 612 -936 -617 -998 766 366 -107 -27 -354 248 -653 -754 422 -373 -682 -795 -905 411 -711 122 96 -19 273 -721 -607 425 517 -33 779 -6 968 -884 -712 -549 540 770 -793 869 906 424 -318 108 667 -204 -91 -527 -883 -67 -640 -799 -240 -308 -472 943 -635 -586 -683 704 -1000 -577 -900 561 -976 344 -49 -115 -521 611 -70 969 602 448 -678 -957 507 -719 -626 -384 -620 789 99 -326 -471 -327 -989 614 435 114 -826 -99 -21 3 455 898 -912 -771 315 -580 758 434 451 -189 218 -821 -636 604 493 -745 224 836 812 793 -703 163 865 -442 -827 852 391 -955 200 -747 919 37 60 552 819 -217 794 617 818 731 -316 -105 698 456 833 730 -806 -330 -877 460 -123 263 -844 -815 -672 -85 -479 333 284 -557 523 -929 -916 1 -342 987 264 337 214 285 -888 -310 370 991 -985 880 -972 -895 -751 339 -127 907 90 -808 997 -507 696 594 -510 -602 -372 867 -380 -145 326 168 -618 -187 -616 691 609 -889 895 -376 300 -207 -578 -275 453 141 188 133 150 884 954 -561 -221 -461 641 107 -547 307 -365 436 -351 835 -656 124 563 358 -371 551 -302 -494 426 6 720 971 -228 -736 -987 71 823 -608 653 -141 -356 -980 20 -526 -448 -563 -264 -246 699 -441 -343 -944 -825 -415 599 446 -455 352 -25 407 -592 -375 519 992 257 479 665 -983 -309 35 950 -322 380 -285 -443 -520 -680 -604 236 538 -162 -832 279 490 -361 -230 -463 -503 382 -98 94 -679 -562 -962 478
997 660 13 -707 126 -123 -577 -982 134 553 -144 -402 667 -154 -719 831 502 -209 892 -616 -771 -126 585 -746 -3 727 -867 400 523 -508 -251 -257 463 -766 -83 -644 784 704 -821 58 -307 14 271 867 690 361 75 -36 426 82 -465 -945 92 -541 458 748 19 30 -505 -208 133 -525 190 -361 144 -405 299 344 932 -218 -284 284 -815 623 -325 -783 -337 -228 -49 -31 -51 -893 -847 229 -479 707 507 -246 -195 -433 664 -477 366 -106 448 -2 -623 964 430 -582 -992 -857 774 -538 241 -842 -497 359 -91 -537 639 -95 615 -760 -557 -585 -782 977 -668 -574 195 -42 184 503 -737 768 280 786 -704 913 -260 -814 -311 55 237 105 410 154 431 593 -61 -596 -807 -282 -244 -148 -203 895 -60 -671 381 -468 374 723 -320 659 518 508 -232 -385 -133 566 730 827 343 -931 661 -799 -578 -58 -242 231 103 686 46 -733 -367 499 539 -764 484 918 649 -823 234 -896 952 743 -939 -898 -810 869 225 485 -969 812 -466 -82 -34 208 -742 843 -455 -93 706 844 -884 -66 -306 -324 -39 554 84 26 -606 -854 445 545 369 -54 792 91 -274 -182 648 198 460 -822 33 -318 950 293 304 -777 -333 -330 -231 -143 -710 357 670 897 810 642 -734 -377 -573 676 -587 -173 193 486 469 413 -767 -793 -476 249 951 592 -136 -130 820 -35 -168 -481 -813 -413 550 -188 -443 -819 -8 -225 638 584 567 601 993 -955 729 1 368 -978 -512 665 761 -990 385 785 122 512 717 88 -435 711 -565 -108 161 -904 974 884 340 -271 -991 -6 693 -150 803 833 -971 577 -950 955 -314 688 74 254 380 59 235 -170 -846 305 -416 483 967 142 893 715 -427 401 -22 -181 -868 -360 -487 423 -919 -45 -614 -15 -851 -812 -369 742 -442 -140 -381 -770 -202 -772 388 -876 -910 896 -328 -346 -792 915 621 -540 352 215 -533 -656 720 -196 -305 128 579 -703 -673 89 472 -447 289 907 -90 310 -503 -575 629 -804 528 20 -741 531 -397 520 -878 840 -872 -612 347 406 -338 880 -387 -295 -579 309 -713 3 -639 780 -608 226 -398 -483 -492 -999 -46 515 985 -817 -298 846 -515 -758 -13 177 -378 81 -938 -566 -697 736 710 -190 -759 90 -471 939 698 230 221 850 -472 -114 -786 978 -862 836 96 -299 9 -870 -599 277 -511 751 -659 -769 876 462 635 -750 -319 79 119 216 -261 418 86 -21 -785 637 501 -968 535 947 791 -986 200 238 -370 436 -723 -699 -105 694 264 376 -526 996 -940 -820 938 797 -453 934 -247 408 168 390 -899 -485 -55 -113
684 -286 -577 -283 562 347 -678 515 937 717 448 -567 973 -590 548 589 -751 -707 -19 -389 -308 153 -681 -187 -463 550 -41 -378 132 411 942 -582 -781 694 -710 -543 808 79 763 926 -83 -877 -731 673 -1000 922 337 -723 -848 440 517 -131 -798 -511 -356 -29 986 502 53 -693 664 60 -539 -544 -273 658 903 -464 634 415 75 47 -367 -999 0 746 -563 11 230 -716 754 146 78 102 666 -671 -122 596 481 600 278 -303 -963 651 979 629 -52 -85 531 -115 -47 500 798 237 127 -827 -262 -447 238 -112 -71 520 -15 518 -69 749 -80 -803 408 248 169 741 -11 72 987 -680 -643 -513 -701 730 -307 215 335 -251 467 854 37 -959 -735 -424 873 -254 288 171 -760 93 -74 -744 -337 -263 581 167 -18 -456 -235 720 -779 319 -212 878 -912 797 -362 -13 -114 -105 471 -555 -611 257 -125 -777 592 -270 -214 732 -141 -593 -884 397 -290 -331 910 865 -188 -264 -825 938 -944 -931 -170 -111 853 -210 -437 -123 -967 -90 947 -485 -138 -453 -930 -336 -130 -979 968 670 915 -421 -247 120 866 -871 300 281 813 362 -810 -22 648 46 -506 872 -677 -512 -258 7 -529 381 -269 -291 265 178 -875 -61 950 -538 98 819 645 828 -360 95 -685 434 -38 -181 -211 62 385 116 424 -995 85 -414 -940 -842 -868 -477 -903 -119 -659 674 -652 -236 -81 -31 -390 703 -127 679 -908 -118 -10 -280 -902 -843 141 -670 177 -761 38 317 -306 -830 -376 667 -272 -796 -383 69 -667 63 241 -768 -989 -532 -154 -774 907 498 82 -359 -831 -694 -349 -615 296 765 -528 -562 451 -801 287 829 -520 503 -159 788 -514 -928 409 897 493 33 -315 -24 925 235 -338 -361 -175 735 -121 568 -646 -750 155 614 250 514 -675 -942 6 609 806 747 363 554 601 -169 -492 -508 -79 -740 -117 139 358 55 -873 179 407 -692 -638 -540 455 34 -406 -893 51 -896 -408 -721 981 505 712 -124 -722 615 137 643 -689 -550 607 418 -250 884 -778 485 357 700 639 -794 348 -55 -225 -314 -542 847 -913 378 662 -846 -458 721 279 3 -616 -48 584 307 -472 -601 -466 94 779 91 975 936 -661 625 232 -917 940 882 484 714 728 653 509 28 -862 512 -991 -473 -396 -232 792 -425 -489 695 283 617 -741 290 349 931 -956 799 -920 928 -712 -732 -63 417 -537 644 -640 -841 -985 -68 880 770 794 -551 -852 557 840 -9 -900 398 -748 129 -129 -517 50 -218 209 395 993 513 -600 528 -657 680 -136 864 -445 431 -650 401 -340 -977 764 709 -534 -39 -274 994
-653 980 704 -222 654 -928 563 -342 -964 449 -707 481 972 -774 718 -519 -822 -695 -202 493 914 611 -187 -268 -23 -97 -589 -443 -64 963 -842 -722 -321 -966 -743 863 -930 189 943 -705 492 520 722 635 217 -452 -470 742 -52 384 290 326 -986 -770 304 900 -15 523 714 992 -803 776 -587 -432 -300 -584 -203 323 -518 -524 -158 -30 830 909 -911 768 757 474 -22 22 28 250 342 -204 682 -580 728 -797 51 -126 -299 698 -690 888 -241 785 -520 155 -857 -591 177 313 489 -544 90 -218 593 819 -724 194 552 260 880 737 -999 349 574 279 709 687 852 454 931 393 -983 -680 -358 -764 502 -948 354 -171 433 -997 201 95 740 133 52 -787 -167 877 -927 63 -815 -340 -415 882 365 512 -910 -494 869 -502 815 -650 -58 174 -476 656 0 428 674 300 -225 596 -398 885 -982 368 143 -162 777 688 -276 -504 -26 -612 561 -67 -619 775 600 -873 -39 -369 -465 -848 842 68 173 99 -895 310 651 -482 -304 -113 -263 -284 344 -402 -177 36 -978 929 586 866 915 -991 518 -72 445 -898 375 -687 -649 390 -791 214 -654 -485 473 80 -233 -419 669 -962 -586 -975 447 495 263 -190 -293 -165 604 235 -728 -876 -186 -907 275 75 665 -893 107 -657 -82 416 -433 -957 -748 -120 -781 -416 -375 -949 77 -463 -356 96 -533 732 588 -297 -643 -86 933 804 136 -611 192 944 129 351 -954 -498 -623 -1000 318 101 -60 -475 608 111 -410 726 945 270 257 227 -945 184 -36 61 513 -168 -56 253 -996 623 79 216 -629 388 -277 887 -486 525 -942 -864 -888 4 -280 5 161 -477 841 261 141 -296 -245 443 112 487 -309 -972 -238 -449 -169 956 534 -355 -426 463 581 -273 -446 -509 556 690 -319 -950 -719 -198 -992 -536 -81 582 -824 -969 -826 -424 940 150 667 387 617 -195 555 837 -179 559 475 778 -111 308 -906 950 455 713 -569 -65 500 -306 -13 -785 302 175 328 883 531 -339 -271 -731 856 -407 691 530 649 -413 751 -217 639 850 414 -462 -644 74 223 -302 -718 -922 689 -546 -664 167 -164 -436 171 -955 64 -869 15 -606 -403 -941 -374 659 -439 -354 49 221 259 -310 418 -540 612 181 -672 -808 -871 -45 -278 -102 -735 875 -710 -775 -320 -833 528 312 -87 273 -108 699 29 185 398 -254 -441 120 585 -574 769 333 -532 -216 843 321 -75 35 -389 37 -872 121 -7 483 -970 16 741 -335 789 -952 808 461 855 -582 -337 200 -24 -471 -448 66 627 241 39 -55 245 597 -601 -939 108 -136 771 -227 -159 -577
[RUN #11 5 10]
-322 -980 702 -587 641
-444 -360 768 -20 321
-67 -863 379 -162 -74
87 78 -794 -395 581
-414 269 216 -505 283
-293 -778 52 810 -912
-230 -350 521 -839 -159
-834 145 -803 -447 128
-762 308 -808 -674 609
465 -887 614 65 690
[RUN #12 100 10]
-662 -13 -576 420 534 165 136 -151 913 997 316 500 14 -169 -746 439 31 -24 -213 -626 230 816 145 -476 -940 815 -59 652 -619 435 775 -650 -124 801 464 999 958 -925 943 -253 -359 666 -818 -500 -202 696 -373 407 318 -454 -23 415 -102 386 -976 143 -716 787 381 -998 -533 -913 366 -289 -747 965 517 -237 -558 929 -57 -445 469 -14 -836 -914 -129 85 494 377 -405 -504 -826 -90 361 -250 -200 613 496 -18 646 944 -751 11 106 525 -625 161 628 70
-941 159 -647 -185 269 23 83 -680 -383 405 -340 186 126 403 35 31 138 -909 308 -169 476 -144 -928 873 -553 540 -293 -363 945 -820 -399 -171 93 427 825 268 -595 172 -188 -346 -331 444 839 447 581 -160 68 -335 33 -32 -290 70 -317 391 -75 345 765 970 630 -343 -59 640 537 900 -705 -970 -15 -620 552 -959 -39 -432 -653 575 997 549 -713 -474 344 102 -450 675 -899 698 934 27 -905 -303 -510 47 510 696 -68 -435 -531 223 357 -2 -535 -963
748 -32 -371 -863 -497 419 898 -169 452 516 485 351 -474 203 590 635 405 -388 -929 -635 -881 857 -840 -49 -793 70 276 -107 809 -757 693 480 -880 458 919 20 -933 941 -147 -621 -912 928 -7 -253 -442 399 447 -186 775 -257 -85 -656 -78 -462 -618 -483 -900 -9 762 679 -707 -36 960 -558 719 98 135 381 634 49 385 313 -232 -548 -514 -73 -947 -834 968 33 310 938 -576 979 -883 221 682 314 -5 -953 603 -230 181 -740 -782 950 -366 -41 -952 726
-213 476 -984 560 -324 -360 -869 -532 -299 791 -181 276 -851 435 -948 658 851 -906 177 79 192 -40 793 -880 690 -81 30 -382 -757 191 -603 -712 -782 -434 -72 259 -24 -261 81 -247 84 954 203 806 707 -965 -462 -307 410 -210 208 34 879 -539 562 -968 423 -70 83 -504 -555 619 795 354 -538 -871 360 246 656 -123 -847 -771 788 -786 585 936 675 101 -779 775 -904 513 -791 -373 -734 -560 607 913 168 -974 -264 -207 87 -42 906 390 -964 258 -250 219
-965 -476 407 302 -519 -855 952 660 -204 -614 -350 -403 -136 665 -566 724 872 215 -80 -678 -155 359 -473 124 884 841 -322 504 -719 -864 166 -714 728 11 -70 22 831 216 70 151 -378 533 747 882 -25 -347 397 -834 93 78 -179 982 -729 -604 -68 851 -675 -175 -983 -625 -816 856 -913 -248 281 -732 -809 -683 -233 352 -666 -152 523 -532 -85 -933 855 596 -486 526 -668 785 23 -306 -633 -258 701 -576 90 -960 -985 233 -559 -888 688 -491 391 324 459 -63
31 564 161 -834 883 159 -824 201 570 467 -388 116 -183 -863 -281 -947 -375 487 8 922 -606 567 5 -174 755 128 121 76 64 -924 -954 -864 -675 -15 234 79 45 -742 818 632 760 -646 -203 592 -618 -531 -79 323 -807 752 -712 -489 -349 283 -749 561 10 -271 247 -74 803 -253 -600 558 -666 -603 171 60 -473 955 -133 797 203 866 -24 951 -352 17 21 -71 -787 -193 484 81 -288 793 -583 -859 -590 435 982 910 146 -794 -417 750 -134 786 -162 991
306 -355 218 -648 -542 -747 -92 -433 976 819 -22 -929 169 -249 445 -391 -523 124 670 956 888 -226 -39 -904 -751 -165 -427 -21 -806 181 174 925 902 848 -54 605 -528 -874 -762 265 -754 -4 371 879 -730 -568 659 930 -620 -966 758 -897 318 -89 486 -489 431 -973 -907 334 470 -932 -838 -140 -570 -655 72 858 739 -477 699 75 -649 -359 -872 -607 -374 -526 872 -151 -314 -934 -215 -728 737 -398 -388 -60 -739 -632 472 609 330 -381 679 -270 -987 11 310 491
591 -264 12 -718 -924 -881 380 887 881 583 663 -724 326 -556 -954 -370 -436 -59 -932 42 546 597 536 -743 -885 164 733 968 -841 -490 923 -672 557 -717 -710 -880 -989 244 297 -999 -758 -568 -223 272 -256 224 -849 -333 -155 -888 -552 88 -52 943 186 519 -373 281 -679 -635 -560 -871 730 429 -261 -802 10 -361 407 -272 705 389 469 328 -740 694 946 -229 -217 357 -699 982 -844 403 -337 -570 -12 -926 -815 337 645 -1000 -646 7 -43 442 334 -476 -357 620
388 67 -81 -769 -584 440 815 19 848 932 -976 -174 -14 -706 -969 101 167 879 856 43 581 845 -663 -277 -340 -676 -243 -116 8 362 -406 -485 -272 496 -351 -536 210 -928 -767 971 276 -448 107 -535 873 104 -253 -915 94 895 446 -160 -529 749 414 -996 554 206 -842 798 561 -230 -667 870 966 -883 -333 -664 47 504 -541 652 906 520 -221 -423 897 211 773 834 -745 59 -267 423 -802 -781 -345 699 961 913 -647 394 -144 -829 360 703 -954 868 696 439
896 34 -240 133 106 -211 371 30 -706 809 -417 -418 270 -693 -99 0 -774 443 -433 480 534 126 400 -293 166 699 356 386 -448 -63 969 -869 -542 873 14 -207 -694 424 525 324 -463 -638 -969 -594 -331 -70 674 -989 996 -318 968 -725 -569 454 -26 -457 -576 -473 -798 994 -747 887 823 37 322 330 -82 -702 680 -388 -423 -570 -485 806 -813 309 209 258 -920 82 929 -426 -342 718 -615 -887 -913 -361 440 170 -719 80 -62 -446 736 222 984 560 -301 -610
[RUN #13 100 10]
-161 -542 681 368 991 553 -525 678 -70 -166 883 917 668 -430 -829 -237 964 326 -149 -910 -440 -600 -896 -980 676 283 -694 -575 728 -285 334 714 -772 -935 -801 -876 607 -707 380 790 -880 974 -638 419 569 -522 -560 617 -45 117 -104 574 238 166 -286 247 696 -959 409 -449 -946 529 -740 921 907 588 -87 292 -110 -280 885 -366 -211 -7 766 977 373 -947 572 73 395 757 -190 137 254 551 987 35 -696 223 62 -908 524 -926 455 472 762 -728 653 -699
28 591 -923 291 -89 -521 -666 -98 -23 -511 301 -535 -518 -185 -344 -386 -979 941 -823 373 606 -210 471 2 478 -674 736 -591 8 -141 -904 -832 853 799 -526 -343 329 -193 -133 295 -6 960 -432 75 366 -132 488 682 -337 728 -388 -675 -153 534 -398 559 228 -267 -259 841 208 514 157 -473 633 -994 -878 -893 862 -664 -707 661 272 -950 -69 825 -644 150 -802 761 327 -316 -424 163 -967 -662 -744 190 -797 40 417 -818 -211 -103 696 -639 22 -960 823 -257
-285 488 -209 319 -739 -569 16 940 -160 419 365 788 -979 981 86 -584 455 -900 -497 -171 437 -981 839 -840 -572 -358 -23 -49 -701 -467 901 -94 855 -421 -685 -125 -692 -712 -28 -462 -870 73 235 -860 542 424 -823 153 -901 -50 440 -394 -638 921 -163 741 401 203 -52 -813 -946 -188 -161 658 46 -113 565 -384 -517 -64 400 295 -768 -238 578 -561 351 17 -807 -649 881 -312 294 -455 -335 553 -704 -189 -274 85 568 -587 -83 -893 861 41 -336 727 -775 909
161 -314 -268 -893 -981 782 -810 670 -196 -413 -946 187 -16 987 760 -848 -66 -133 -828 -727 -916 -743 -815 -807 963 -296 545 -980 -890 510 -22 668 20 276 -114 662 633 -35 143 420 -675 281 468 216 -12 -786 736 135 -746 981 388 -385 862 229 -1000 998 167 -136 131 -173 -390 203 -239 -379 -608 689 -753 581 -710 763 860 396 84 -34 114 -333 441 -284 601 622 -161 -359 -235 -894 728 751 240 -471 -800 808 626 -852 357 501 413 881 -611 930 954 -394
685 261 653 752 -984 -872 -794 595 57 714 -523 364 -109 733 -230 602 120 -413 -150 -990 -681 -182 -254 471 546 -592 -687 173 -933 674 -666 -661 -565 -918 526 -614 -643 -908 -129 -835 89 275 92 425 -527 -668 -603 -943 361 637 367 -19 -997 -689 -744 -38 -216 -175 934 354 -201 264 -163 -702 213 -853 -991 -63 799 820 437 -749 -893 -496 -746 922 -948 746 -927 -400 340 81 -172 -539 -165 401 -452 304 188 -83 257 660 675 -806 -629 -262 -148 -120 -628 -972
-446 552 -680 943 -307 -392 428 -472 -744 -727 -685 123 -720 402 -826 638 798 602 -737 -893 875 841 625 998 745 -808 -495 171 -669 102 -657 594 -359 -403 26 241 285 -87 437 342 227 -247 -914 -164 -31 -13 977 -435 1 -194 252 -71 -283 183 452 681 -193 -924 166 473 743 -608 64 996 -422 517 -801 191 391 -107 319 -187 265 -42 270 952 -788 54 731 16 -402 -101 -461 586 569 -910 -308 816 -436 -690 961 -958 795 -835 110 449 -515 839 974 329
-142 306 -178 320 -99 -744 -928 149 172 831 365 -964 706 164 -220 597 -785 820 -541 -752 -365 -72 421 795 -266 865 963 222 -6 383 144 712 -639 -176 469 -395 806 638 -754 -538 -530 -879 -617 368 -82 -406 -436 70 430 347 -383 -187 -264 -64 -63 108 -334 -30 -576 931 957 136 -85 -581 -981 170 -186 245 -127 851 560 -233 -317 961 -911 150 -962 -771 -631 891 -330 -373 631 -185 991 -571 17 606 -371 -408 -41 839 -423 441 -298 -249 -463 983 -853 135
95 -475 138 -500 -581 971 32 586 249 -678 568 522 -561 -474 313 915 648 796 -989 229 -329 -658 -354 378 -625 647 705 -473 -877 -422 -773 858 -642 -44 -380 -823 -511 -791 532 -554 -895 178 661 730 293 -95 -858 96 -34 952 140 718 -179 674 508 698 329 -412 -160 -481 -908 101 -91 651 520 410 128 735 627 632 -221 736 384 90 252 824 860 -649 -876 875 -623 45 352 -223 359 -408 -485 -842 -3 830 79 -822 575 472 119 615 -775 -740 431 -246
-686 -732 911 39 453 -728 814 -57 836 -577 155 573 921 -519 -875 -561 351 -81 656 127 -334 46 711 -242 -835 633 -954 575 -899 467 454 513 -337 -694 -435 561 -366 -966 -104 913 -817 134 -199 735 720 -737 -142 -993 -427 181 333 91 278 993 -929 240 -602 -688 -776 -523 692 -76 -836 -890 -883 722 -864 -887 946 -160 89 -834 782 982 372 -647 517 881 -129 -598 -535 550 -612 -30 -948 403 273 -196 -658 -871 141 -611 -562 909 -283 930 673 -474 -285 154
-851 715 -596 -635 -331 -683 -329 948 793 -510 124 -246 -648 -523 -532 160 489 922 -277 -901 911 720 570 357 451 437 1 -537 564 -668 320 -52 -486 238 670 -155 805 887 -531 -232 225 429 337 2 -230 -771 123 402 -972 -714 817 92 -997 371 931 -639 -520 -87 -636 277 -688 -372 604 -800 -138 492 -762 267 877 -697 358 970 614 69 774 548 231 -191 -921 692 478 -593 201 -519 482 -44 62 -937 -368 -917 -977 -125 -802 900 -748 -534 197 792 -999 -501
[RUN #14 500 10]
805 590 -668 998 -423 933 -260 269 -926 -922 -9 -29 -180 -362 312 -452 599 -472 -552 -410 -475 -101 815 -773 -893 -67 846 289 195 953 -853 145 920 -65 387 -688 -359 -350 114 -299 -874 131 -216 -158 -134 253 -694 -756 174 -168 607 591 380 -788 -481 61 704 832 582 583 -403 -417 -119 -370 -951 510 343 930 -825 -118 -20 -257 818 -120 -443 270 650 773 -169 -754 -968 434 694 -358 -428 314 303 -183 984 -839 -657 -285 494 640 24 -726 782 -83 983 887 935 -837 -679 691 423 153 670 586 731 28 417 634 307 -170 509 -716 521 276 769 -157 67 -177 126 371 -313 -557 581 262 199 849 -486 -166 549 -368 544 -622 358 759 786 -763 -802 -378 -406 -644 -433 -342 -315 784 -372 -680 797 -205 -214 906 -807 464 249 -199 -966 87 697 767 811 -449 255 687 -894 503 -592 493 -796 -414 511 822 -437 551 892 -745 459 -144 885 46 -224 535 681 487 -661 -211 985 -710 -18 856 997 -162 -468 56 707 78 698 -884 -939 162 -889 -663 597 -599 -846 710 -60 -236 127 -16 -700 -465 -748 53 -983 639 755 585 959 532 542 -750 -172 -355 903 990 -662 -24 901 -519 902 222 65 360 -340 -605 506 749 501 -671 -363 188 699 -329 -107 -429 -243 227 331 -455 -444 -275 -94 625 -952 52 -732 327 -944 -416 120 -947 852 273 -565 -219 -940 -377 319 347 -59 562 64 -776 -619 -332 -699 310 -791 949 -283 -389 -185 833 -857 -1000 139 32 926 -993 756 792 715 -447 -994 118 -769 -586 -323 340 944 425 -310 245 895 -100 666 463 610 164 -344 -55 604 -217 -711 -110 426 -461 38 -435 -753 -467 545 -905 -460 -407 -420 860 -328 -434 -353 -419 138 -929 508 -309 497 646 -741 133 -935 676 241 -240 466 802 -296 663 -582 377 -303 -856 -943 272 -610 -19 398 -523 -596 972 -855 329 -267 823 889 91 -924 -84 745 -660 -989 873 83 965 107 760 -715 -268 -68 800 -577 -133 -539 -78 -179 455 -712 -3 -854 912 167 -422 576 -588 -684 420 554 908 -371 -958 -58 -330 -517 606 391 -318 615 334 -909 -830 317 754 -664 -731 16 187 934 385 -278 -648 621 332 -749 -307 -411 -314 369 -786 742 -480 328 364 -483 -128 690 -861 43 97 829 679 -765 218 777 161 -626 200 -566 -319 -163 547 -137 -482 -813 867 -841 -8 -792 534 854 109 -202 741 830 -390 864 77 566 840 -266 -446 592 -499 341 -562 184 415 -816 238 -636 -697 954 -512 -81 -159 546 536 -442 -15 -862 -923 -604 951 -387 -988 -106 994 539 730
226 -814 461 231 -490 267 437 48 941 -574 -488 321 -342 85 -998 693 396 -765 523 289 -704 -991 -897 -611 -298 -205 334 295 -250 -569 -366 -13 -592 312 383 -168 -337 -108 -684 462 -825 -941 372 -664 723 571 -836 -349 -234 -227 -916 769 344 -906 837 -437 -226 670 886 644 -51 -553 -812 -724 41 316 -128 810 -352 659 889 356 772 457 -196 -28 228 235 328 962 521 -37 -949 639 -318 -157 -217 139 249 -93 446 491 692 -565 -713 -472 -465 539 -164 718 -216 1 999 642 689 952 156 -803 195 172 -975 -867 -363 -371 -791 -307 -25 -27 -117 116 492 888 452 -649 540 -884 -206 -427 67 -326 401 -18 198 663 -944 24 -19 463 855 13 484 89 336 -600 -990 -31 -353 -332 -460 -382 -21 6 186 91 -946 -953 248 -11 860 583 258 -901 -139 592 -251 -33 112 930 525 -467 -178 -593 -551 -774 402 603 -919 -846 -89 101 -619 138 865 -923 -230 -911 -641 287 -91 573 -2 206 -252 17 -506 -874 84 722 290 -519 411 -235 -924 -393 974 -292 -372 -169 -755 -655 333 -586 -900 -552 727 -514 -123 -647 -885 164 657 458 201 -478 490 -313 227 80 -515 864 635 154 668 -522 455 -693 10 -177 -309 460 -186 698 -86 -815 -573 -83 59 403 -945 -717 -931 234 -732 -609 -583 -560 901 813 -882 775 -532 665 789 -876 219 584 126 959 517 650 -559 -581 758 159 140 -30 -468 -570 -219 796 64 -103 849 -675 -598 -42 -68 -405 -727 4 -36 -917 -340 388 -335 -150 -937 -778 661 380 -914 944 -869 726 404 -96 393 -124 -681 -53 -948 414 618 -725 863 433 285 851 -291 -327 -576 -862 330 371 -284 -62 -585 -368 -792 -564 969 -473 908 -773 -657 706 -987 -125 543 -757 441 960 -290 -974 443 -351 -242 852 381 814 923 -320 -677 -99 430 168 -402 477 883 -446 -798 -554 -855 103 -653 243 438 609 -207 -927 73 859 -408 754 -391 -72 141 196 -239 93 -597 63 125 751 -687 -673 -595 459 585 -769 -860 -770 -158 124 879 -474 88 470 -706 -971 530 -295 347 -912 -549 685 -961 -166 -555 862 425 -61 654 -985 871 776 61 791 374 346 785 -579 -271 45 633 55 712 938 -610 -357 -147 394 -875 -26 387 -156 -301 846 -606 -761 -596 -853 -861 -925 360 337 -741 -511 -663 972 208 102 -16 917 920 588 -165 288 311 545 -210 223 721 567 -49 -731 245 767 -122 -311 118 468 -435 317 278 667 -558 -639 980 56 -976 -497 -282 -671 158 707 -536 -20 783 905 -214 495 454 526 -66 -557 -213 838 207 -241
292 -911 707 876 -522 639 -135 -101 626 923 -76 -78 -564 237 913 107 842 -605 922 -536 -246 781 -314 -318 221 -69 82 -311 -285 -96 210 -364 -335 662 911 -137 795 -912 -906 -764 513 -649 144 -166 -648 -842 -594 -963 -305 -654 -995 -13 -208 -880 -71 -185 -922 758 -115 930 129 -711 62 -542 821 -933 484 -250 -380 -761 51 853 225 750 -918 660 -390 -212 -517 569 634 792 826 -673 393 30 380 -540 609 -482 619 234 -709 -915 -249 523 493 -442 955 435 517 -686 -303 63 299 294 980 527 -989 705 -662 -787 -511 -194 -705 -666 211 798 -40 -838 100 364 300 -67 951 125 134 281 511 512 383 -252 -275 431 -282 621 -952 -897 397 -298 593 -416 -690 -332 14 907 -657 -731 -330 592 540 355 13 216 522 -624 -785 -891 732 313 682 942 993 -645 -193 709 -92 857 -11 -827 -488 675 -441 544 597 -65 -868 -527 916 -294 -428 -622 -461 882 646 736 -549 306 -480 825 -289 48 848 604 -655 490 -971 -74 -445 442 444 -568 899 -68 -187 520 5 -545 -851 -73 185 111 -697 -773 968 538 890 -223 419 -175 -366 737 898 -352 -326 981 -698 35 -432 -647 199 884 632 765 572 -972 -204 361 85 685 -458 829 -567 117 -921 557 -694 -823 -749 -316 476 -944 679 433 326 68 -840 -765 -530 -721 252 132 -277 75 -219 -804 462 407 -497 256 445 924 -684 -994 -882 -770 72 982 -547 -220 -301 -534 -59 297 113 -901 -668 0 -284 -44 734 796 -613 808 338 574 254 469 -55 680 612 -822 -100 -631 -268 -656 -53 -478 551 186 915 -977 -153 552 314 -191 -167 -578 77 206 661 341 -141 -216 519 -675 -744 291 -642 -651 813 -964 887 27 -336 65 274 11 -306 827 -329 -412 -457 24 -200 -328 989 535 773 -91 236 703 532 359 -261 -417 41 601 851 -176 721 558 -452 -255 688 -124 414 -700 241 463 385 191 -362 531 624 856 -523 -117 -628 2 -609 477 272 -982 748 250 782 866 -696 227 -916 50 764 -168 643 -209 -713 -170 -429 998 742 -533 464 -669 413 138 775 -84 417 -725 894 694 -356 167 -240 -161 823 -978 730 -607 -32 896 -353 793 606 -87 600 889 744 852 658 46 -82 -996 -365 -776 -126 468 101 957 550 -60 956 459 308 -215 -890 872 -402 749 760 422 193 -469 -241 -52 861 904 -592 -574 -382 289 -304 -936 -123 926 -274 727 -388 263 -202 745 -706 -847 232 226 893 -878 -791 640 -634 905 -174 561 -782 -755 605 -736 -203 166 -850 17 -871 196 374 -228 -273 323 -31 -727
346 997 -174 -464 -398 -534 -675 233 352 -723 854 372 -795 953 468 344 -740 903 -900 -861 -708 -116 114 -679 -739 -267 -448 510 -337 852 521 78 -704 -126 402 905 11 -19 561 341 971 -588 988 494 325 -535 203 -872 -808 -834 485 -737 534 -188 862 874 -848 399 96 -597 -278 631 507 622 -772 -467 563 -929 392 -206 -887 -209 -333 509 -627 -360 537 871 -139 -955 -203 590 682 -717 773 401 616 450 -63 277 562 -168 -613 -651 734 157 845 418 -964 630 254 -881 -933 -605 -833 -187 -792 -608 889 -617 -191 -705 -127 626 -837 415 -869 -494 -537 -77 -784 -846 9 -817 81 301 405 -117 -474 -394 -850 -877 -701 825 -379 969 -257 -670 924 -769 647 687 -790 -177 230 226 581 -838 -529 -979 -702 460 955 876 -520 19 -998 -524 -527 232 391 -215 -234 -666 113 -602 142 -716 353 -721 539 25 -566 -151 -134 -251 779 -940 -216 863 -73 -465 885 533 -550 959 613 -236 -523 316 -272 -374 -920 77 -641 -788 -599 115 404 765 -935 -878 840 253 -250 -130 143 887 426 -728 -563 560 608 362 139 926 -173 202 197 -481 -366 -628 -591 -736 553 624 101 75 577 234 -331 986 650 -782 225 620 91 407 -902 -98 879 823 790 -661 -594 638 -694 500 964 356 -912 -170 149 678 146 751 589 89 511 772 504 858 -313 -378 -359 985 770 -564 498 -948 -3 -404 -802 -403 785 -432 -86 -767 528 -941 -761 307 332 -562 286 -862 -61 886 -6 -899 828 -266 2 -321 -698 293 291 -279 -851 -836 907 199 -954 -990 -852 -204 -755 -382 -490 722 151 -396 10 -7 931 -80 397 522 -932 305 -438 260 929 -828 299 -871 -751 161 -121 -674 -509 128 -655 -155 -536 -538 784 -488 611 -822 -163 644 -97 -463 -341 -868 -777 378 14 519 597 -457 -55 846 80 -436 -801 747 795 112 -308 67 632 769 -219 -558 501 759 574 255 578 185 267 -634 -338 -229 -749 -477 204 490 -925 -281 -843 95 -131 -750 -806 587 -574 -412 68 423 -133 -421 -104 3 173 12 -347 -90 323 884 -623 121 -911 -143 -498 841 -554 294 390 -262 675 162 285 107 -314 949 -658 61 -889 282 -233 -357 899 -759 60 -368 -9 247 -328 -428 883 -243 -370 -683 -700 -169 359 -401 -304 -152 -271 690 781 921 51 995 59 543 594 168 818 -928 -970 -814 595 -371 -491 -254 389 -986 -182 540 -344 -132 -37 693 -422 -745 324 -573 654 -27 -414 -839 109 69 585 478 471 -287 297 -944 -392 -365 -618 555 -691 -303 171 448 -25 898 -31 475 99 -860 -901 923
386 318 -897 175 528 -270 840 -385 475 811 292 514 -51 719 -852 -887 976 -426 967 -591 -790 -760 -408 639 948 825 -901 -748 -43 -645 765 998 435 387 152 -475 -595 272 419 -52 824 910 197 337 412 635 818 630 188 -983 986 304 982 382 205 300 659 -460 -963 -430 624 618 -777 -122 319 -386 439 -58 -211 914 264 877 185 714 -715 -222 -662 851 -923 329 410 -118 283 662 311 -145 940 -260 145 316 -83 935 -650 461 -257 169 3 -922 -172 -220 -232 -613 -798 -42 -618 -226 863 -823 352 114 -582 -892 -991 147 996 723 31 -106 -89 156 -569 -549 108 76 69 -947 -737 411 612 -893 -853 338 895 408 -228 -769 -840 909 377 -691 -192 805 -203 109 -801 603 235 -366 366 887 -586 -719 -67 251 644 83 930 -108 485 314 36 359 -296 733 -338 867 775 -545 -924 588 479 -321 252 24 -826 804 -656 680 -658 153 619 -747 436 -659 420 -646 53 875 728 -789 -282 -945 -243 -502 -440 916 43 -884 90 -455 831 -148 269 837 -80 685 444 521 -424 627 -925 498 -317 -318 -150 49 972 558 -159 -143 908 -961 -969 -235 -204 -456 238 -256 -369 896 167 949 902 328 111 -795 629 19 82 -975 466 -776 463 -63 693 87 -971 -562 -513 961 50 236 -954 -95 350 85 -157 -500 -917 -443 -596 219 448 -717 495 -808 -125 -607 488 -885 -47 -986 -2 -783 900 -774 869 -750 404 789 -421 454 -792 -476 354 -168 180 -59 455 391 -34 9 -909 802 -308 496 -724 -914 -567 422 510 -726 -638 32 342 973 922 -398 -568 502 971 854 125 928 -312 297 384 -250 918 -237 61 -331 68 -505 215 351 -445 212 -640 -173 -993 421 -967 347 -184 126 968 -817 -573 -763 -756 186 -495 -904 449 897 -405 819 16 -160 691 -156 165 -110 -733 658 -82 428 -877 826 174 362 -731 307 -525 -614 876 -285 355 471 484 532 638 -865 231 -489 -976 -643 127 -27 732 -988 810 385 282 13 227 -128 -623 770 -787 -649 -431 832 -606 -328 664 -81 -241 -880 881 -746 -216 -149 88 746 -526 -377 841 -449 245 144 -537 -663 -848 517 -356 -186 -459 -181 938 -879 724 -225 491 -891 206 655 830 -55 -857 446 -351 942 -111 -516 -589 -576 -401 140 261 -135 633 60 42 1 -53 103 791 749 766 -522 -866 -926 -100 835 -968 -176 946 -497 253 -466 -201 657 -467 -675 -142 -583 405 -600 -253 171 -557 -371 403 547 -330 919 -678 -520 787 -814 -221 -742 -189 -679 203 747 -164 20 -68 286 886 17 -625 -307 -962 689 401 415
45 -112 -175 -254 -479 9 523 139 189 135 -851 -185 370 -780 -321 637 60 993 -164 843 614 -312 50 -28 174 917 -278 310 415 -33 36 809 -379 121 -909 570 908 423 -117 381 504 902 794 692 -872 810 431 525 -757 -172 -771 983 -139 -473 491 -736 -964 -320 75 -637 -151 425 580 -825 -790 863 -382 -123 -581 -352 452 670 721 574 -835 165 -897 726 952 292 472 955 515 250 -443 850 -619 -351 -238 -18 -724 468 163 -526 502 829 480 -649 -926 -641 268 718 379 93 624 846 126 731 -590 74 52 -962 142 -5 815 541 375 660 489 619 -629 -124 170 335 -61 906 888 -818 -725 171 481 756 361 775 53 439 759 -431 -854 -714 -10 -511 686 -867 29 -681 474 -184 -711 -814 -170 -519 351 943 524 -961 -116 485 924 -90 -378 95 -405 -49 184 -773 -811 -762 995 357 24 212 874 676 777 369 125 -38 -940 622 409 853 773 -700 -639 -970 736 99 385 578 602 884 218 -873 -30 -986 601 230 -778 833 -657 -862 -145 110 263 854 -538 -199 567 -944 -517 227 -299 -738 378 190 186 -64 294 -97 964 -487 340 -567 860 -698 -763 807 -329 487 -255 -744 -363 -893 -292 -283 224 281 -582 -750 -574 772 633 -456 -420 -134 276 -946 639 747 -769 -898 986 249 466 992 -587 699 -323 842 947 -495 348 144 935 -580 706 713 -493 -512 -345 -880 400 -686 553 -68 86 985 -250 -301 -383 875 -75 200 588 362 -369 -801 -868 -606 488 436 -392 -472 272 -414 149 -523 -655 629 786 -840 569 -753 954 -100 819 -267 722 674 545 -491 737 -731 -701 464 -607 -258 907 -609 -181 -743 806 -990 -395 -785 -94 572 -3 328 64 717 768 -754 946 -445 -240 -828 -774 -558 -83 -502 223 814 -752 972 916 -827 262 343 -334 484 -556 258 96 -739 -422 213 653 -548 -158 496 253 -804 562 112 -356 -683 493 -203 -515 -551 830 743 857 -137 -439 14 -693 -991 291 -886 -882 391 -367 887 -475 -247 -225 2 476 38 -210 -105 -850 729 -932 150 799 771 981 751 246 -257 -755 957 -659 -945 961 -611 445 354 883 796 609 834 856 -415 -191 -328 323 577 -988 -166 -765 520 -276 -671 -390 -913 215 774 417 -471 196 -620 -279 511 -189 176 -916 -81 958 277 784 -71 -239 -908 -876 -934 -236 864 -668 197 -29 -194 -950 835 551 177 -85 625 -248 581 -712 516 638 969 -994 416 -252 71 547 896 -104 283 -904 -653 -600 234 600 879 217 479 589 25 -998 130 734 84 -147 528 -947 -685 996 787 -176 558 -56 247
965 147 615 416 117 351 -791 -621 784 832 504 461 -427 874 -215 -432 417 37 -84 306 -459 -336 391 -942 760 944 -148 332 718 567 372 -885 530 -981 -933 -362 -818 927 298 485 620 113 349 580 -177 884 -991 598 -603 693 -316 -455 985 -739 -161 -963 149 -713 60 509 308 166 297 -186 -756 616 -669 -562 627 271 402 -364 -980 -379 180 -579 803 183 -651 -909 -245 -351 -823 -893 160 -652 -89 699 474 652 -467 -338 -111 -905 995 -671 705 -155 430 -64 -165 -973 334 -325 -638 -270 656 -158 -2 -101 83 -63 -729 419 230 -673 -815 221 -91 465 304 -386 621 52 989 -619 -490 528 748 -992 937 -718 -887 668 278 -395 839 800 -956 988 285 876 -785 -703 46 -513 886 -474 94 -251 -777 -740 -360 415 -159 92 -420 -262 -29 123 233 734 376 -985 -851 189 -327 269 -59 619 -157 191 814 7 -70 -31 -228 423 590 -571 -688 826 134 93 -86 -908 -988 -503 -517 -979 396 486 156 605 -137 -409 867 420 342 -910 -95 369 626 -926 226 501 831 913 54 455 -320 -468 -220 -194 -812 -937 974 -230 -499 493 785 -471 -779 -989 241 930 -792 -524 -631 454 364 382 841 503 273 331 170 577 -381 -102 -658 -318 -670 -117 -115 -760 -920 -243 -488 -840 361 289 -172 -685 -370 258 -299 518 227 -807 -492 -512 435 299 176 -900 -99 375 -104 71 681 963 -565 130 -698 -124 159 778 -412 -204 -146 795 -680 570 235 -368 -41 -75 677 641 -164 -446 -574 -997 -462 434 -970 -202 -68 -461 808 -476 -611 873 344 956 370 -460 -246 386 591 -116 991 716 -201 -838 554 -404 -120 782 -151 -134 855 -380 970 -423 997 20 239 899 -5 219 -444 -54 -477 282 919 -811 -891 -298 -495 960 225 -784 -92 981 958 128 648 630 -128 -904 109 696 -530 26 -862 792 -51 -424 448 741 111 916 -187 982 768 388 255 -472 -869 -458 -588 -898 -271 -341 -240 112 -302 759 -296 986 819 924 121 592 -876 745 762 -602 -567 720 743 99 -448 -375 -535 499 593 -391 -694 15 262 -720 5 -138 -193 -948 -388 604 -501 791 -389 -901 -428 -385 -575 400 587 -55 -976 -766 860 -38 279 -393 712 934 368 -80 524 -596 -509 320 -452 -135 110 -964 47 231 909 -552 -867 -349 -924 -753 157 539 -403 -419 613 -160 -714 -590 -598 -365 -820 425 184 -18 253 667 287 398 -931 -795 328 737 100 821 151 -184 -26 744 -783 -131 967 -836 -343 86 704 -93 600 431 683 -218 -774 200 -582 566 802 -449 823 -350 395 -61 622 356 -736 -292
-374 780 -251 241 560 964 559 309 380 345 -388 139 -475 -163 -637 935 457 104 -890 -916 997 -790 -29 -220 -402 673 -252 773 -735 16 304 876 -787 -185 264 -153 792 -538 -549 501 469 -821 -877 -277 463 -925 128 -813 -53 551 537 -375 447 -278 -162 -884 377 350 -147 -938 -391 -812 930 -455 -664 704 -930 -708 -993 -615 -373 217 -345 -390 938 740 -612 992 -593 762 92 945 124 -942 -30 496 885 -526 339 384 -38 -151 3 -141 820 368 -140 713 746 -340 212 32 -255 129 269 -987 -553 -7 -802 -576 378 61 444 -15 -765 917 -825 45 -88 -92 -283 633 302 -144 -177 842 -476 -643 -635 86 -621 -752 -874 -967 583 267 165 -893 972 455 -347 343 -776 926 505 -79 571 -412 -713 -522 730 853 178 -870 -531 638 -800 168 226 -681 142 927 -717 -206 988 -732 814 -314 543 -235 -777 406 -121 434 239 -250 732 -579 -895 -398 747 -497 -331 -63 -286 385 -348 955 273 -432 190 -438 -245 422 900 365 -619 30 906 -257 602 -293 -853 592 816 28 -24 -11 593 268 301 758 353 -671 850 404 -149 270 665 -350 19 322 -173 -107 -334 -299 -577 978 944 620 -166 909 598 -453 -514 -94 -971 -848 202 549 179 -842 199 -711 -797 -201 -738 -191 -746 -958 -540 -60 581 -494 -396 355 160 415 605 648 -507 51 -231 300 -69 557 106 -669 -13 -301 -129 612 -359 -653 161 -951 413 -86 -172 -466 890 98 969 -436 -634 670 -695 490 103 -602 589 -115 388 -450 679 535 484 -600 -691 -315 -61 -244 669 -289 -366 188 -792 -527 -209 471 -28 370 -704 -404 134 -772 316 -512 263 -473 -748 -630 -503 -67 -71 -247 510 456 703 -814 -217 88 290 -896 680 284 -170 -700 56 224 -164 -649 -705 -605 395 -573 24 -225 192 -803 -613 545 -54 -906 445 -290 849 292 858 -672 213 -499 -715 95 -368 -545 844 40 892 -236 -241 -710 -232 -263 201 -181 -944 -660 869 916 640 -58 565 -19 -139 843 601 641 -204 686 305 259 -864 834 -555 -352 -908 -760 -596 -300 -424 -756 52 -490 -486 -969 -297 -640 -312 483 11 -513 -964 -761 -113 -559 -897 -830 -308 10 576 94 -714 -449 781 -416 -648 416 -641 933 439 -369 -266 -766 -239 85 -872 942 671 -844 923 737 -321 193 595 313 -243 -337 89 872 -883 709 -588 -702 -237 314 -154 -203 76 999 -965 881 243 207 -510 -102 310 -135 579 -886 177 -131 481 968 154 808 -379 527 -639 323 771 631 -698 -98 -469 -831 96 -194 -401 -167 421 664 -924 528 -834 -754 -535 172 79 -174
-521 934 -997 -163 -726 -255 -424 411 985 -883 -84 925 -103 -149 -256 -706 -230 -22 -558 -684 289 -217 -721 107 -583 549 -6 351 -48 818 -213 541 248 -980 379 -515 -952 -631 75 906 746 82 -535 -296 -664 433 -216 -923 -894 455 195 -509 -72 -749 629 -418 -677 625 621 -70 121 349 849 229 218 461 -36 -132 514 -12 812 -893 29 -757 -570 544 687 762 744 -877 300 479 662 294 -858 -107 -456 586 15 189 -968 12 -210 -675 -454 699 520 -467 -508 487 -610 -660 -229 773 -866 -584 670 754 -25 -443 -787 -452 -526 557 -363 760 -173 -250 -879 -588 -819 788 216 606 -289 383 -587 536 224 -315 922 -59 -220 -356 -507 -908 518 -126 -376 -814 608 -740 -628 392 804 -336 -273 594 -98 -802 550 -271 600 456 245 923 641 306 364 726 595 -4 219 10 474 -212 14 -846 -531 63 231 -379 974 998 -827 -479 816 855 -794 -104 819 761 157 -44 264 711 155 -437 -878 -678 561 -49 320 401 -732 463 -756 -455 -600 -945 298 387 -115 -911 -214 450 -491 -880 827 130 -909 -638 -890 110 97 44 -71 327 -119 -680 546 -881 458 -425 750 13 -340 -743 534 369 -528 722 -224 777 173 -963 -739 -727 -566 -607 688 897 -576 -442 -809 -778 978 39 -259 -817 488 967 -144 681 823 577 -145 -935 466 988 519 -522 181 751 -113 508 948 498 -305 429 -707 -820 566 -65 664 207 747 -81 472 -257 -901 49 495 695 956 808 -766 252 -523 -854 468 314 905 530 -950 -123 68 -310 516 -650 -500 -714 -46 548 341 -345 138 521 -702 997 -58 538 863 950 28 -731 325 -958 -160 -302 -574 172 -742 -679 -687 66 -301 576 475 564 221 -140 -511 -797 -50 -751 -625 46 -438 398 678 -546 -643 310 911 -492 -555 -92 -839 -998 -549 357 741 858 -15 236 805 -147 412 810 -848 -671 -204 36 482 572 -148 -371 765 -221 80 190 961 -194 390 302 -383 -272 -867 -281 -936 427 318 -269 853 -609 883 775 -966 147 20 449 -639 74 627 228 -984 -66 -905 -828 570 362 -232 591 -593 -434 4 222 -93 223 262 885 396 -293 -421 512 -334 -847 -871 555 -598 132 -586 -110 583 -837 -525 149 386 85 -96 361 -5 763 -754 -597 769 210 -405 -667 301 -134 24 -263 -569 611 -842 671 175 -524 153 896 643 833 -69 821 -722 -857 770 394 515 -462 -111 148 996 72 785 -532 443 55 -611 847 -852 353 -53 -335 -501 617 982 -626 120 -153 -83 639 866 -34 -728 123 -790 -252 658 -251 -95 624 684 249 -484 161 -651 830
-258 69 -952 814 -992 752 -52 987 295 755 -500 -805 -517 90 -420 -581 390 -561 327 982 227 804 -910 710 387 228 195 -62 658 86 808 -777 -276 -71 473 -219 119 937 -13 -465 441 538 -645 289 -586 140 -416 -261 -172 -863 699 254 -690 217 663 83 788 339 -751 425 -449 -769 -120 -784 314 -994 985 440 838 -72 628 171 6 -601 151 -518 -106 -4 447 -617 282 688 147 841 -785 -815 -178 -471 645 346 -130 -711 199 749 -487 7 -328 299 30 -948 562 -317 84 -720 858 786 -12 102 382 -833 -1 -890 942 94 48 545 813 166 -113 319 852 -982 219 -546 -37 391 -882 -218 -780 -507 -540 -253 -831 -314 280 484 175 767 791 356 178 -326 -210 373 -717 -570 -789 -398 572 267 873 56 515 -344 42 -163 -167 -311 -61 -509 743 -225 315 966 -641 454 536 632 555 333 775 -531 -569 -427 212 -86 -270 -357 -26 748 139 431 -421 -895 686 -737 -618 960 190 -358 -694 -577 103 210 -848 948 -543 126 599 392 -211 145 -155 -951 637 975 370 533 518 -85 801 -733 -377 935 -412 -610 996 -625 885 -384 934 -556 -969 -931 -77 -949 887 416 -285 -658 -823 97 -677 -214 886 785 -245 -513 -182 526 143 134 255 293 -605 554 -407 -880 -138 956 -559 576 868 400 -933 997 439 -140 534 629 -341 60 424 817 -975 -206 -695 -912 -522 957 -600 -128 598 -714 -869 -97 505 374 732 451 506 -801 951 386 -201 -200 -575 984 600 -961 -308 325 241 717 -537 972 -239 50 -606 461 9 726 970 -402 742 -639 -674 -797 -76 -162 -592 585 -819 -774 366 673 706 -70 -329 -232 602 968 -632 380 797 672 162 127 174 -755 558 747 167 -7 -883 433 -620 824 -464 -432 694 734 927 -534 361 483 -425 452 -955 727 -152 -470 -672 14 897 -824 397 666 -1000 -257 -382 259 856 12 -440 -385 -154 -170 -858 -547 -599 450 581 -652 605 540 -45 740 810 665 208 367 564 196 -579 -475 893 -102 -268 -914 -623 -521 -904 -520 -27 -533 -944 -408 -752 802 -263 226 -682 46 -918 -953 -934 -260 -989 -125 -702 -907 -346 296 -636 -607 -109 -558 213 258 -689 -450 3 -149 864 405 -782 582 -760 -403 753 757 -116 133 -703 -691 -851 574 760 -150 917 570 261 964 -406 173 -187 -560 -924 -563 -177 -111 185 745 479 -473 -768 -530 138 123 321 777 -651 1 -55 476 965 -788 891 653 70 137 58 -480 92 -174 249 -929 -850 202 561 -240 -872 520 369 -624 513 426 -911 148 498 -922 -476 179 -991 609 -807 273 -371 759
[RUN #15 100 10]
-212 -970 -524 -883 591 -78 -693 -650 351 -957 348 748 -496 95 207 72 340 303 -683 400 -953 285 -295 734 762 -901 -447 -95 297 -434 -655 291 -102 41 -249 -585 -555 -736 -255 -19 66 -945 897 686 735 889 754 -797 -714 605 -290 338 140 -120 478 -257 -784 575 -177 78 792 -613 -941 -364 -263 -369 -171 317 719 -326 -237 -843 -165 -81 166 743 -529 437 -419 -523 664 800 -143 307 514 -289 282 -769 983 330 554 -964 871 579 967 -25 -776 347 -251 669
-565 -54 655 -813 428 -415 546 -141 -928 973 836 -66 -988 381 -316 -948 860 835 756 -759 -62 273 -374 130 920 -323 268 -286 -388 735 309 123 -273 204 795 802 623 792 -213 143 -395 -245 551 -246 -713 930 -894 -912 824 641 -924 -325 761 446 -796 -784 913 -779 21 353 -725 -944 170 -979 608 -306 104 -205 501 -651 -29 606 495 -171 -5 -712 515 -182 -167 -791 -511 396 424 -367 -303 -485 662 108 416 -522 -311 609 694 -322 508 -397 -814 984 -140 38
102 783 -833 411 634 451 476 -46 -358 -856 -735 880 277 436 801 697 693 608 953 202 531 864 210 560 549 -881 -939 -466 -871 -578 -5 656 -232 -961 -573 900 933 -374 -284 -992 966 57 -61 636 -509 -60 242 301 868 637 774 -1000 -527 -9 671 -279 148 313 523 85 181 -840 -184 525 -971 630 520 -109 255 414 869 892 -111 -702 -685 -564 -179 -196 -895 794 260 615 814 -361 -502 -341 -588 -875 15 -699 168 386 -779 157 -679 110 362 -337 -758 552
356 442 -931 -120 929 968 119 -3 59 -846 264 -834 245 133 138 135 -682 563 14 -656 -629 223 -659 -410 388 317 198 905 955 -963 643 958 173 -431 187 792 -379 927 -977 477 -249 577 597 -869 -792 -900 -456 914 -270 591 389 492 -882 860 -701 -970 181 668 244 -251 -532 -918 988 -164 913 373 883 -472 87 62 -607 987 -641 862 -237 -578 -896 -274 -747 -764 -98 387 243 608 -161 -457 -734 -238 -798 -173 -412 74 -282 -27 -434 743 -59 314 -72 686
-78 -16 -603 310 156 -957 -452 326 989 -426 785 383 -485 715 -599 -977 -594 341 969 252 952 193 171 90 -735 746 -850 820 819 -293 -622 478 573 539 443 -391 463 -63 287 -543 943 283 -518 -555 949 -667 229 893 202 -700 -516 667 -563 411 -496 -352 682 524 501 -71 -902 -281 -9 560 -355 -530 444 774 502 47 20 649 914 613 -138 116 380 351 -709 120 699 -69 -768 -290 -542 -671 -781 -432 -15 365 -572 -279 739 958 -980 -652 213 -605 520 -498
-410 -237 -493 -405 954 497 -390 795 -823 -631 -777 603 -840 -920 -508 -780 -482 -196 -621 -29 869 235 149 -833 553 -290 -357 -429 -747 561 17 796 860 -262 589 37 914 141 -587 -908 365 16 812 554 -8 -950 -462 24 -593 274 474 -442 282 525 952 -795 -386 845 -733 -143 505 -571 -570 907 -287 920 684 237 -688 584 -274 -941 -955 948 -933 370 27 -927 230 4 257 -877 286 -519 593 -411 994 782 5 -302 -651 -902 973 -931 -169 -198 -821 -760 -12 369
803 248 -301 307 -453 -184 43 -928 -833 52 -118 812 239 674 91 363 160 -614 -870 59 424 -179 272 -62 566 202 -211 259 -921 76 772 638 602 -675 -394 -853 -158 473 962 -492 -270 350 701 -239 -475 -208 -923 191 883 -878 422 685 598 -744 -109 86 -312 421 -42 -956 101 110 246 -895 -719 336 131 382 -351 -818 -479 -762 831 -411 -43 60 800 -378 793 616 -698 868 132 -157 127 291 -57 285 -549 -809 645 -124 599 -756 -861 29 219 688 907 580
415 107 65 757 -265 689 -884 -463 -281 421 294 -127 940 30 223 -909 597 445 -113 551 66 -705 969 429 -215 801 797 -454 996 -365 726 -577 -6 -707 7 428 340 622 -687 828 -685 -736 -735 -497 250 -228 934 356 -580 -699 342 907 -567 105 -695 -47 442 985 -529 252 -814 496 -106 -159 -724 -153 -67 -820 -399 -895 411 226 930 -32 109 -262 444 111 -496 770 -607 984 330 140 118 633 881 38 259 -134 572 -995 271 194 283 393 -855 -572 -207 98
-175 109 -502 84 -115 -487 -878 -992 73 -686 461 277 596 639 359 -220 -709 -864 -230 970 -156 702 746 520 542 -852 -218 -28 102 797 -235 -259 -314 -73 482 -716 -840 716 920 -84 -183 228 291 -512 -429 -16 391 782 169 171 425 -219 31 739 343 887 28 -105 626 543 781 108 -532 549 426 386 -431 369 18 -656 867 -438 -711 14 177 137 756 151 952 784 -834 200 976 965 -234 270 785 499 344 327 -910 301 -427 730 32 -459 -877 706 272 -773
-41 -442 -81 -257 514 279 110 809 340 613 -579 -607 -472 -237 375 27 -396 650 -850 -186 -358 57 508 591 594 -717 -911 -345 890 -375 673 -502 -757 307 106 -912 31 -972 -715 -150 368 356 -431 566 -596 235 622 -557 436 -839 143 92 303 -77 -125 192 -723 -167 478 -21 -288 -963 -432 -198 -266 -108 -121 -936 89 -33 -373 -617 -647 -286 -87 -278 -631 -504 -629 852 364 694 -269 -405 -67 24 -665 120 -875 -157 954 243 898 36 165 -204 -265 424 431 792
